<?xml version="1.0" encoding="UTF-8"?>
<testng-results ignored="0" total="1" passed="1" failed="0" skipped="0">
  <reporter-output>
  </reporter-output>
  <suite started-at="2023-06-15T10:54:02 IST" name="Default suite" finished-at="2023-06-15T10:54:32 IST" duration-ms="29788">
    <groups>
    </groups>
    <test started-at="2023-06-15T10:54:02 IST" name="Default test" finished-at="2023-06-15T10:54:32 IST" duration-ms="29788">
      <class name="Chandan.LoginToActitime2">
        <test-method signature="loginActitimeTest()[pri:0, instance:Chandan.LoginToActitime2@22ef9844]" started-at="2023-06-15T10:54:02 IST" name="loginActitimeTest" finished-at="2023-06-15T10:54:32 IST" duration-ms="29659" status="PASS">
          <reporter-output>
          </reporter-output>
        </test-method> <!-- loginActitimeTest -->
      </class> <!-- Chandan.LoginToActitime2 -->
    </test> <!-- Default test -->
  </suite> <!-- Default suite -->
</testng-results>
